# JRE version: Java(TM) SE Runtime Environment (8.0_201-b09) (build 1.8.0_201-b09)
# Java VM: Java HotSpot(TM) 64-Bit Server VM (25.201-b09 mixed mode bsd-amd64 compressed oops)
Heap:
 PSYoungGen      total 303616K, used 12299K [0x00000007ab300000, 0x00000007bfd80000, 0x00000007c0000000)
  eden space 284672K, 4% used [0x00000007ab300000,0x00000007abf02d38,0x00000007bc900000)
  from space 18944K, 0% used [0x00000007beb00000,0x00000007beb00000,0x00000007bfd80000)
  to   space 24576K, 0% used [0x00000007bcd80000,0x00000007bcd80000,0x00000007be580000)
 ParOldGen       total 150016K, used 84323K [0x0000000781800000, 0x000000078aa80000, 0x00000007ab300000)
  object space 150016K, 56% used [0x0000000781800000,0x0000000786a58d20,0x000000078aa80000)
 Metaspace       used 24477K, capacity 24920K, committed 25088K, reserved 1071104K
  class space    used 2940K, capacity 3047K, committed 3072K, reserved 1048576K
GC Heap History (10 events):
Event: 184566.942 GC heap before
{Heap before GC invocations=148 (full 45):
 PSYoungGen      total 315904K, used 297408K [0x00000007ab300000, 0x00000007c0000000, 0x00000007c0000000)
  eden space 296960K, 100% used [0x00000007ab300000,0x00000007bd500000,0x00000007bd500000)
  from space 18944K, 2% used [0x00000007bed80000,0x00000007bedf0000,0x00000007c0000000)
  to   space 22016K, 0% used [0x00000007bd500000,0x00000007bd500000,0x00000007bea80000)
 ParOldGen       total 141312K, used 98594K [0x0000000781800000, 0x000000078a200000, 0x00000007ab300000)
  object space 141312K, 69% used [0x0000000781800000,0x0000000787848910,0x000000078a200000)
 Metaspace       used 24432K, capacity 24848K, committed 25088K, reserved 1071104K
  class space    used 2937K, capacity 3047K, committed 3072K, reserved 1048576K
Event: 184566.947 GC heap after
Heap after GC invocations=148 (full 45):
 PSYoungGen      total 318976K, used 416K [0x00000007ab300000, 0x00000007c0000000, 0x00000007c0000000)
  eden space 296960K, 0% used [0x00000007ab300000,0x00000007ab300000,0x00000007bd500000)
  from space 22016K, 1% used [0x00000007bd500000,0x00000007bd568000,0x00000007bea80000)
  to   space 21504K, 0% used [0x00000007beb00000,0x00000007beb00000,0x00000007c0000000)
 ParOldGen       total 141312K, used 98978K [0x0000000781800000, 0x000000078a200000, 0x00000007ab300000)
  object space 141312K, 70% used [0x0000000781800000,0x00000007878a8910,0x000000078a200000)
 Metaspace       used 24432K, capacity 24848K, committed 25088K, reserved 1071104K
  class space    used 2937K, capacity 3047K, committed 3072K, reserved 1048576K
}
Event: 184567.424 GC heap before
{Heap before GC invocations=149 (full 45):
 PSYoungGen      total 318976K, used 297376K [0x00000007ab300000, 0x00000007c0000000, 0x00000007c0000000)
  eden space 296960K, 100% used [0x00000007ab300000,0x00000007bd500000,0x00000007bd500000)
  from space 22016K, 1% used [0x00000007bd500000,0x00000007bd568000,0x00000007bea80000)
  to   space 21504K, 0% used [0x00000007beb00000,0x00000007beb00000,0x00000007c0000000)
 ParOldGen       total 141312K, used 98978K [0x0000000781800000, 0x000000078a200000, 0x00000007ab300000)
  object space 141312K, 70% used [0x0000000781800000,0x00000007878a8910,0x000000078a200000)
 Metaspace       used 24432K, capacity 24848K, committed 25088K, reserved 1071104K
  class space    used 2937K, capacity 3047K, committed 3072K, reserved 1048576K
Event: 184567.428 GC heap after
Heap after GC invocations=149 (full 45):
 PSYoungGen      total 317440K, used 480K [0x00000007ab300000, 0x00000007bfe80000, 0x00000007c0000000)
  eden space 297472K, 0% used [0x00000007ab300000,0x00000007ab300000,0x00000007bd580000)
  from space 19968K, 2% used [0x00000007beb00000,0x00000007beb78000,0x00000007bfe80000)
  to   space 20992K, 0% used [0x00000007bd580000,0x00000007bd580000,0x00000007bea00000)
 ParOldGen       total 141312K, used 99322K [0x0000000781800000, 0x000000078a200000, 0x00000007ab300000)
  object space 141312K, 70% used [0x0000000781800000,0x00000007878fe910,0x000000078a200000)
 Metaspace       used 24432K, capacity 24848K, committed 25088K, reserved 1071104K
  class space    used 2937K, capacity 3047K, committed 3072K, reserved 1048576K
}
Event: 227964.260 GC heap before
{Heap before GC invocations=150 (full 45):
 PSYoungGen      total 317440K, used 297952K [0x00000007ab300000, 0x00000007bfe80000, 0x00000007c0000000)
  eden space 297472K, 100% used [0x00000007ab300000,0x00000007bd580000,0x00000007bd580000)
  from space 19968K, 2% used [0x00000007beb00000,0x00000007beb78000,0x00000007bfe80000)
  to   space 20992K, 0% used [0x00000007bd580000,0x00000007bd580000,0x00000007bea00000)
 ParOldGen       total 141312K, used 99322K [0x0000000781800000, 0x000000078a200000, 0x00000007ab300000)
  object space 141312K, 70% used [0x0000000781800000,0x00000007878fe910,0x000000078a200000)
 Metaspace       used 24442K, capacity 24848K, committed 25088K, reserved 1071104K
  class space    used 2937K, capacity 3047K, committed 3072K, reserved 1048576K
Event: 227973.087 GC heap after
Heap after GC invocations=150 (full 45):
 PSYoungGen      total 318464K, used 10900K [0x00000007ab300000, 0x00000007c0000000, 0x00000007c0000000)
  eden space 297472K, 0% used [0x00000007ab300000,0x00000007ab300000,0x00000007bd580000)
  from space 20992K, 51% used [0x00000007bd580000,0x00000007be0251c0,0x00000007bea00000)
  to   space 21504K, 0% used [0x00000007beb00000,0x00000007beb00000,0x00000007c0000000)
 ParOldGen       total 141312K, used 99722K [0x0000000781800000, 0x000000078a200000, 0x00000007ab300000)
  object space 141312K, 70% used [0x0000000781800000,0x0000000787962910,0x000000078a200000)
 Metaspace       used 24442K, capacity 24848K, committed 25088K, reserved 1071104K
  class space    used 2937K, capacity 3047K, committed 3072K, reserved 1048576K
}
Event: 344925.267 GC heap before
{Heap before GC invocations=151 (full 45):
 PSYoungGen      total 318464K, used 307097K [0x00000007ab300000, 0x00000007c0000000, 0x00000007c0000000)
  eden space 297472K, 99% used [0x00000007ab300000,0x00000007bd441368,0x00000007bd580000)
  from space 20992K, 51% used [0x00000007bd580000,0x00000007be0251c0,0x00000007bea00000)
  to   space 21504K, 0% used [0x00000007beb00000,0x00000007beb00000,0x00000007c0000000)
 ParOldGen       total 141312K, used 99722K [0x0000000781800000, 0x000000078a200000, 0x00000007ab300000)
  object space 141312K, 70% used [0x0000000781800000,0x0000000787962910,0x000000078a200000)
 Metaspace       used 24477K, capacity 24920K, committed 25088K, reserved 1071104K
  class space    used 2940K, capacity 3047K, committed 3072K, reserved 1048576K
Event: 344949.196 GC heap after
Heap after GC invocations=151 (full 45):
 PSYoungGen      total 303616K, used 18696K [0x00000007ab300000, 0x00000007bfd80000, 0x00000007c0000000)
  eden space 284672K, 0% used [0x00000007ab300000,0x00000007ab300000,0x00000007bc900000)
  from space 18944K, 98% used [0x00000007beb00000,0x00000007bfd42280,0x00000007bfd80000)
  to   space 24576K, 0% used [0x00000007bcd80000,0x00000007bcd80000,0x00000007be580000)
 ParOldGen       total 141312K, used 122043K [0x0000000781800000, 0x000000078a200000, 0x00000007ab300000)
  object space 141312K, 86% used [0x0000000781800000,0x0000000788f2ef98,0x000000078a200000)
 Metaspace       used 24477K, capacity 24920K, committed 25088K, reserved 1071104K
  class space    used 2940K, capacity 3047K, committed 3072K, reserved 1048576K
}
Event: 344949.211 GC heap before
{Heap before GC invocations=152 (full 46):
 PSYoungGen      total 303616K, used 18696K [0x00000007ab300000, 0x00000007bfd80000, 0x00000007c0000000)
  eden space 284672K, 0% used [0x00000007ab300000,0x00000007ab300000,0x00000007bc900000)
  from space 18944K, 98% used [0x00000007beb00000,0x00000007bfd42280,0x00000007bfd80000)
  to   space 24576K, 0% used [0x00000007bcd80000,0x00000007bcd80000,0x00000007be580000)
 ParOldGen       total 141312K, used 122043K [0x0000000781800000, 0x000000078a200000, 0x00000007ab300000)
  object space 141312K, 86% used [0x0000000781800000,0x0000000788f2ef98,0x000000078a200000)
 Metaspace       used 24477K, capacity 24920K, committed 25088K, reserved 1071104K
  class space    used 2940K, capacity 3047K, committed 3072K, reserved 1048576K
Event: 345007.517 GC heap after
Heap after GC invocations=152 (full 46):
 PSYoungGen      total 303616K, used 0K [0x00000007ab300000, 0x00000007bfd80000, 0x00000007c0000000)
  eden space 284672K, 0% used [0x00000007ab300000,0x00000007ab300000,0x00000007bc900000)
  from space 18944K, 0% used [0x00000007beb00000,0x00000007beb00000,0x00000007bfd80000)
  to   space 24576K, 0% used [0x00000007bcd80000,0x00000007bcd80000,0x00000007be580000)
 ParOldGen       total 150016K, used 84323K [0x0000000781800000, 0x000000078aa80000, 0x00000007ab300000)
  object space 150016K, 56% used [0x0000000781800000,0x0000000786a58d20,0x000000078aa80000)
 Metaspace       used 24477K, capacity 24920K, committed 25088K, reserved 1071104K
  class space    used 2940K, capacity 3047K, committed 3072K, reserved 1048576K
}

